C:\USERS\KEVIN\DESKTOP\CEGEP\CEGEP IV\PROGRAMMATION\TP4\GAMEPLAY\DEBUG\COMPUTERGAMEGRID.OBJ
C:\USERS\KEVIN\DESKTOP\CEGEP\CEGEP IV\PROGRAMMATION\TP4\GAMEPLAY\DEBUG\COMPUTERPLAYER.OBJ
C:\USERS\KEVIN\DESKTOP\CEGEP\CEGEP IV\PROGRAMMATION\TP4\GAMEPLAY\DEBUG\COMPUTERPLAYEREXPERT.OBJ
C:\USERS\KEVIN\DESKTOP\CEGEP\CEGEP IV\PROGRAMMATION\TP4\GAMEPLAY\DEBUG\GAMEGRID.OBJ
C:\USERS\KEVIN\DESKTOP\CEGEP\CEGEP IV\PROGRAMMATION\TP4\GAMEPLAY\DEBUG\GOODHIT.OBJ
C:\USERS\KEVIN\DESKTOP\CEGEP\CEGEP IV\PROGRAMMATION\TP4\GAMEPLAY\DEBUG\HUMANGAMEGRID.OBJ
C:\USERS\KEVIN\DESKTOP\CEGEP\CEGEP IV\PROGRAMMATION\TP4\GAMEPLAY\DEBUG\HUMANPLAYER.OBJ
C:\USERS\KEVIN\DESKTOP\CEGEP\CEGEP IV\PROGRAMMATION\TP4\GAMEPLAY\DEBUG\PLAYER.OBJ
C:\USERS\KEVIN\DESKTOP\CEGEP\CEGEP IV\PROGRAMMATION\TP4\GAMEPLAY\DEBUG\PLAYGAME.OBJ
C:\USERS\KEVIN\DESKTOP\CEGEP\CEGEP IV\PROGRAMMATION\TP4\GAMEPLAY\DEBUG\TILE.OBJ
C:\USERS\KEVIN\DESKTOP\CEGEP\CEGEP IV\PROGRAMMATION\TP4\GAMEPLAY\DEBUG\VC110.PDB
C:\USERS\KEVIN\DESKTOP\CEGEP\CEGEP IV\PROGRAMMATION\TP4\DEBUG\GAMEPLAY.LIB
C:\Users\Kevin\Desktop\Cegep\Cegep IV\Programmation\TP4\GamePlay\Debug\GamePlay.vcxprojResolveAssemblyReference.cache
C:\Users\Kevin\Desktop\Cegep\Cegep IV\Programmation\TP4\GamePlay\Debug\ComputerGameGrid.obj
C:\Users\Kevin\Desktop\Cegep\Cegep IV\Programmation\TP4\GamePlay\Debug\ComputerPlayer.obj
C:\Users\Kevin\Desktop\Cegep\Cegep IV\Programmation\TP4\GamePlay\Debug\ComputerPlayerExpert.obj
C:\Users\Kevin\Desktop\Cegep\Cegep IV\Programmation\TP4\GamePlay\Debug\GameGrid.obj
C:\Users\Kevin\Desktop\Cegep\Cegep IV\Programmation\TP4\GamePlay\Debug\GoodHit.obj
C:\Users\Kevin\Desktop\Cegep\Cegep IV\Programmation\TP4\GamePlay\Debug\HumanGameGrid.obj
C:\Users\Kevin\Desktop\Cegep\Cegep IV\Programmation\TP4\GamePlay\Debug\HumanPlayer.obj
C:\Users\Kevin\Desktop\Cegep\Cegep IV\Programmation\TP4\GamePlay\Debug\Player.obj
C:\Users\Kevin\Desktop\Cegep\Cegep IV\Programmation\TP4\GamePlay\Debug\PlayGame.obj
C:\Users\Kevin\Desktop\Cegep\Cegep IV\Programmation\TP4\GamePlay\Debug\Tile.obj
C:\Users\Kevin\Desktop\Cegep\Cegep IV\Programmation\TP4\GamePlay\Debug\cl.command.1.tlog
C:\Users\Kevin\Desktop\Cegep\Cegep IV\Programmation\TP4\GamePlay\Debug\CL.read.1.tlog
C:\Users\Kevin\Desktop\Cegep\Cegep IV\Programmation\TP4\GamePlay\Debug\CL.write.1.tlog
C:\Users\Kevin\Desktop\Cegep\Cegep IV\Programmation\TP4\GamePlay\Debug\Lib-link.read.1.tlog
C:\Users\Kevin\Desktop\Cegep\Cegep IV\Programmation\TP4\GamePlay\Debug\Lib-link.write.1.tlog
C:\Users\Kevin\Desktop\Cegep\Cegep IV\Programmation\TP4\GamePlay\Debug\lib.command.1.tlog
C:\Users\Kevin\Desktop\Cegep\Cegep IV\Programmation\TP4\GamePlay\Debug\vc110.idb
C:\Users\Kevin\Desktop\Cegep\Cegep IV\Programmation\TP4\GamePlay\Debug\vc110.pdb
C:\Users\Kevin\Desktop\Cegep\Cegep IV\Programmation\TP4\Debug\GamePlay.lib
