C:\USERS\KEVIN\DESKTOP\CEGEP\CEGEP IV\PROGRAMMATION\TP4\BATTLESHIPS2\DEBUG\DIALOGUI.OBJ
C:\USERS\KEVIN\DESKTOP\CEGEP\CEGEP IV\PROGRAMMATION\TP4\BATTLESHIPS2\DEBUG\ENDGAMEPANELUI.OBJ
C:\USERS\KEVIN\DESKTOP\CEGEP\CEGEP IV\PROGRAMMATION\TP4\BATTLESHIPS2\DEBUG\GAMEUI.OBJ
C:\USERS\KEVIN\DESKTOP\CEGEP\CEGEP IV\PROGRAMMATION\TP4\BATTLESHIPS2\DEBUG\GRIDUI.OBJ
C:\USERS\KEVIN\DESKTOP\CEGEP\CEGEP IV\PROGRAMMATION\TP4\BATTLESHIPS2\DEBUG\MAIN.OBJ
C:\USERS\KEVIN\DESKTOP\CEGEP\CEGEP IV\PROGRAMMATION\TP4\BATTLESHIPS2\DEBUG\MENUUI.OBJ
C:\USERS\KEVIN\DESKTOP\CEGEP\CEGEP IV\PROGRAMMATION\TP4\BATTLESHIPS2\DEBUG\NEWGAMEUI.OBJ
C:\USERS\KEVIN\DESKTOP\CEGEP\CEGEP IV\PROGRAMMATION\TP4\BATTLESHIPS2\DEBUG\SETUPBOATSUI.OBJ
C:\USERS\KEVIN\DESKTOP\CEGEP\CEGEP IV\PROGRAMMATION\TP4\BATTLESHIPS2\DEBUG\VC110.PDB
C:\USERS\KEVIN\DESKTOP\CEGEP\CEGEP IV\PROGRAMMATION\TP4\DEBUG\BATTLESHIPS2.ILK
C:\USERS\KEVIN\DESKTOP\CEGEP\CEGEP IV\PROGRAMMATION\TP4\DEBUG\BATTLESHIPS2.EXE
C:\USERS\KEVIN\DESKTOP\CEGEP\CEGEP IV\PROGRAMMATION\TP4\DEBUG\BATTLESHIPS2.PDB
C:\Users\Kevin\Desktop\Cegep\Cegep IV\Programmation\TP4\Battleships2\Debug\Battleships2.vcxprojResolveAssemblyReference.cache
C:\Users\Kevin\Desktop\Cegep\Cegep IV\Programmation\TP4\Battleships2\Debug\DialogUI.obj
C:\Users\Kevin\Desktop\Cegep\Cegep IV\Programmation\TP4\Battleships2\Debug\EndGamePanelUI.obj
C:\Users\Kevin\Desktop\Cegep\Cegep IV\Programmation\TP4\Battleships2\Debug\GameUI.obj
C:\Users\Kevin\Desktop\Cegep\Cegep IV\Programmation\TP4\Battleships2\Debug\GridUI.obj
C:\Users\Kevin\Desktop\Cegep\Cegep IV\Programmation\TP4\Battleships2\Debug\Main.obj
C:\Users\Kevin\Desktop\Cegep\Cegep IV\Programmation\TP4\Battleships2\Debug\MenuUI.obj
C:\Users\Kevin\Desktop\Cegep\Cegep IV\Programmation\TP4\Battleships2\Debug\NewGameUI.obj
C:\Users\Kevin\Desktop\Cegep\Cegep IV\Programmation\TP4\Battleships2\Debug\SetupBoatsUI.obj
C:\Users\Kevin\Desktop\Cegep\Cegep IV\Programmation\TP4\Battleships2\Debug\cl.command.1.tlog
C:\Users\Kevin\Desktop\Cegep\Cegep IV\Programmation\TP4\Battleships2\Debug\CL.read.1.tlog
C:\Users\Kevin\Desktop\Cegep\Cegep IV\Programmation\TP4\Battleships2\Debug\CL.write.1.tlog
C:\Users\Kevin\Desktop\Cegep\Cegep IV\Programmation\TP4\Battleships2\Debug\link-cvtres.read.1.tlog
C:\Users\Kevin\Desktop\Cegep\Cegep IV\Programmation\TP4\Battleships2\Debug\link-cvtres.write.1.tlog
C:\Users\Kevin\Desktop\Cegep\Cegep IV\Programmation\TP4\Battleships2\Debug\link-rc.read.1.tlog
C:\Users\Kevin\Desktop\Cegep\Cegep IV\Programmation\TP4\Battleships2\Debug\link-rc.write.1.tlog
C:\Users\Kevin\Desktop\Cegep\Cegep IV\Programmation\TP4\Battleships2\Debug\link.2644-cvtres.read.1.tlog
C:\Users\Kevin\Desktop\Cegep\Cegep IV\Programmation\TP4\Battleships2\Debug\link.2644-cvtres.write.1.tlog
C:\Users\Kevin\Desktop\Cegep\Cegep IV\Programmation\TP4\Battleships2\Debug\link.2644-rc.read.1.tlog
C:\Users\Kevin\Desktop\Cegep\Cegep IV\Programmation\TP4\Battleships2\Debug\link.2644-rc.write.1.tlog
C:\Users\Kevin\Desktop\Cegep\Cegep IV\Programmation\TP4\Battleships2\Debug\link.2644.read.1.tlog
C:\Users\Kevin\Desktop\Cegep\Cegep IV\Programmation\TP4\Battleships2\Debug\link.2644.write.1.tlog
C:\Users\Kevin\Desktop\Cegep\Cegep IV\Programmation\TP4\Battleships2\Debug\link.3320-cvtres.read.1.tlog
C:\Users\Kevin\Desktop\Cegep\Cegep IV\Programmation\TP4\Battleships2\Debug\link.3320-cvtres.write.1.tlog
C:\Users\Kevin\Desktop\Cegep\Cegep IV\Programmation\TP4\Battleships2\Debug\link.3320-rc.read.1.tlog
C:\Users\Kevin\Desktop\Cegep\Cegep IV\Programmation\TP4\Battleships2\Debug\link.3320-rc.write.1.tlog
C:\Users\Kevin\Desktop\Cegep\Cegep IV\Programmation\TP4\Battleships2\Debug\link.3320.read.1.tlog
C:\Users\Kevin\Desktop\Cegep\Cegep IV\Programmation\TP4\Battleships2\Debug\link.3320.write.1.tlog
C:\Users\Kevin\Desktop\Cegep\Cegep IV\Programmation\TP4\Battleships2\Debug\link.5416-cvtres.read.1.tlog
C:\Users\Kevin\Desktop\Cegep\Cegep IV\Programmation\TP4\Battleships2\Debug\link.5416-cvtres.write.1.tlog
C:\Users\Kevin\Desktop\Cegep\Cegep IV\Programmation\TP4\Battleships2\Debug\link.5416-rc.read.1.tlog
C:\Users\Kevin\Desktop\Cegep\Cegep IV\Programmation\TP4\Battleships2\Debug\link.5416-rc.write.1.tlog
C:\Users\Kevin\Desktop\Cegep\Cegep IV\Programmation\TP4\Battleships2\Debug\link.5416.read.1.tlog
C:\Users\Kevin\Desktop\Cegep\Cegep IV\Programmation\TP4\Battleships2\Debug\link.5416.write.1.tlog
C:\Users\Kevin\Desktop\Cegep\Cegep IV\Programmation\TP4\Battleships2\Debug\link.5624-cvtres.read.1.tlog
C:\Users\Kevin\Desktop\Cegep\Cegep IV\Programmation\TP4\Battleships2\Debug\link.5624-cvtres.write.1.tlog
C:\Users\Kevin\Desktop\Cegep\Cegep IV\Programmation\TP4\Battleships2\Debug\link.5624-rc.read.1.tlog
C:\Users\Kevin\Desktop\Cegep\Cegep IV\Programmation\TP4\Battleships2\Debug\link.5624-rc.write.1.tlog
C:\Users\Kevin\Desktop\Cegep\Cegep IV\Programmation\TP4\Battleships2\Debug\link.5624.read.1.tlog
C:\Users\Kevin\Desktop\Cegep\Cegep IV\Programmation\TP4\Battleships2\Debug\link.5624.write.1.tlog
C:\Users\Kevin\Desktop\Cegep\Cegep IV\Programmation\TP4\Battleships2\Debug\link.5744-cvtres.read.1.tlog
C:\Users\Kevin\Desktop\Cegep\Cegep IV\Programmation\TP4\Battleships2\Debug\link.5744-cvtres.write.1.tlog
C:\Users\Kevin\Desktop\Cegep\Cegep IV\Programmation\TP4\Battleships2\Debug\link.5744-rc.read.1.tlog
C:\Users\Kevin\Desktop\Cegep\Cegep IV\Programmation\TP4\Battleships2\Debug\link.5744-rc.write.1.tlog
C:\Users\Kevin\Desktop\Cegep\Cegep IV\Programmation\TP4\Battleships2\Debug\link.5744.read.1.tlog
C:\Users\Kevin\Desktop\Cegep\Cegep IV\Programmation\TP4\Battleships2\Debug\link.5744.write.1.tlog
C:\Users\Kevin\Desktop\Cegep\Cegep IV\Programmation\TP4\Battleships2\Debug\link.6168-cvtres.read.1.tlog
C:\Users\Kevin\Desktop\Cegep\Cegep IV\Programmation\TP4\Battleships2\Debug\link.6168-cvtres.write.1.tlog
C:\Users\Kevin\Desktop\Cegep\Cegep IV\Programmation\TP4\Battleships2\Debug\link.6168-rc.read.1.tlog
C:\Users\Kevin\Desktop\Cegep\Cegep IV\Programmation\TP4\Battleships2\Debug\link.6168-rc.write.1.tlog
C:\Users\Kevin\Desktop\Cegep\Cegep IV\Programmation\TP4\Battleships2\Debug\link.6168.read.1.tlog
C:\Users\Kevin\Desktop\Cegep\Cegep IV\Programmation\TP4\Battleships2\Debug\link.6168.write.1.tlog
C:\Users\Kevin\Desktop\Cegep\Cegep IV\Programmation\TP4\Battleships2\Debug\link.6800-cvtres.read.1.tlog
C:\Users\Kevin\Desktop\Cegep\Cegep IV\Programmation\TP4\Battleships2\Debug\link.6800-cvtres.write.1.tlog
C:\Users\Kevin\Desktop\Cegep\Cegep IV\Programmation\TP4\Battleships2\Debug\link.6800-rc.read.1.tlog
C:\Users\Kevin\Desktop\Cegep\Cegep IV\Programmation\TP4\Battleships2\Debug\link.6800-rc.write.1.tlog
C:\Users\Kevin\Desktop\Cegep\Cegep IV\Programmation\TP4\Battleships2\Debug\link.6800.read.1.tlog
C:\Users\Kevin\Desktop\Cegep\Cegep IV\Programmation\TP4\Battleships2\Debug\link.6800.write.1.tlog
C:\Users\Kevin\Desktop\Cegep\Cegep IV\Programmation\TP4\Battleships2\Debug\link.7092-cvtres.read.1.tlog
C:\Users\Kevin\Desktop\Cegep\Cegep IV\Programmation\TP4\Battleships2\Debug\link.7092-cvtres.write.1.tlog
C:\Users\Kevin\Desktop\Cegep\Cegep IV\Programmation\TP4\Battleships2\Debug\link.7092-rc.read.1.tlog
C:\Users\Kevin\Desktop\Cegep\Cegep IV\Programmation\TP4\Battleships2\Debug\link.7092-rc.write.1.tlog
C:\Users\Kevin\Desktop\Cegep\Cegep IV\Programmation\TP4\Battleships2\Debug\link.7092.read.1.tlog
C:\Users\Kevin\Desktop\Cegep\Cegep IV\Programmation\TP4\Battleships2\Debug\link.7092.write.1.tlog
C:\Users\Kevin\Desktop\Cegep\Cegep IV\Programmation\TP4\Battleships2\Debug\link.7344-cvtres.read.1.tlog
C:\Users\Kevin\Desktop\Cegep\Cegep IV\Programmation\TP4\Battleships2\Debug\link.7344-cvtres.write.1.tlog
C:\Users\Kevin\Desktop\Cegep\Cegep IV\Programmation\TP4\Battleships2\Debug\link.7344-rc.read.1.tlog
C:\Users\Kevin\Desktop\Cegep\Cegep IV\Programmation\TP4\Battleships2\Debug\link.7344-rc.write.1.tlog
C:\Users\Kevin\Desktop\Cegep\Cegep IV\Programmation\TP4\Battleships2\Debug\link.7344.read.1.tlog
C:\Users\Kevin\Desktop\Cegep\Cegep IV\Programmation\TP4\Battleships2\Debug\link.7344.write.1.tlog
C:\Users\Kevin\Desktop\Cegep\Cegep IV\Programmation\TP4\Battleships2\Debug\link.command.1.tlog
C:\Users\Kevin\Desktop\Cegep\Cegep IV\Programmation\TP4\Battleships2\Debug\link.read.1.tlog
C:\Users\Kevin\Desktop\Cegep\Cegep IV\Programmation\TP4\Battleships2\Debug\link.write.1.tlog
C:\Users\Kevin\Desktop\Cegep\Cegep IV\Programmation\TP4\Battleships2\Debug\vc110.idb
C:\Users\Kevin\Desktop\Cegep\Cegep IV\Programmation\TP4\Battleships2\Debug\vc110.pdb
C:\Users\Kevin\Desktop\Cegep\Cegep IV\Programmation\TP4\Debug\Battleships2.pdb
C:\Users\Kevin\Desktop\Cegep\Cegep IV\Programmation\TP4\Debug\Battleships2.exe
C:\Users\Kevin\Desktop\Cegep\Cegep IV\Programmation\TP4\Debug\Battleships2.ilk
